<?xml version="1.0" encoding="UTF-8"?>
<testng-results ignored="0" total="3" passed="3" failed="0" skipped="0">
  <reporter-output>
  </reporter-output>
  <suite started-at="2023-12-02T18:25:32 IST" name="Suite" finished-at="2023-12-02T18:26:05 IST" duration-ms="33160">
    <groups>
    </groups>
    <test started-at="2023-12-02T18:25:32 IST" name="Test One" finished-at="2023-12-02T18:25:53 IST" duration-ms="20987">
      <class name="org.testngpractice.Sample">
        <test-method signature="tc1(java.lang.String)[pri:0, instance:org.testngpractice.Sample@4310d43]" started-at="2023-12-02T18:25:32 IST" name="tc1" finished-at="2023-12-02T18:25:45 IST" duration-ms="12067" status="PASS">
          <params>
            <param index="0">
              <value>
                <![CDATA[edge]]>
              </value>
            </param>
          </params>
          <reporter-output>
          </reporter-output>
        </test-method> <!-- tc1 -->
      </class> <!-- org.testngpractice.Sample -->
      <class name="org.testngpractice.FacebookTest">
        <test-method signature="tearUp(java.lang.String,java.lang.String,java.lang.String)[pri:0, instance:org.testngpractice.FacebookTest@13fd2ccd]" started-at="2023-12-02T18:25:45 IST" name="tearUp" finished-at="2023-12-02T18:25:53 IST" duration-ms="8708" status="PASS">
          <params>
            <param index="0">
              <value>
                <![CDATA[chrome]]>
              </value>
            </param>
            <param index="1">
              <value>
                <![CDATA[Sathish Greens]]>
              </value>
            </param>
            <param index="2">
              <value>
                <![CDATA[Sa123]]>
              </value>
            </param>
          </params>
          <reporter-output>
          </reporter-output>
        </test-method> <!-- tearUp -->
      </class> <!-- org.testngpractice.FacebookTest -->
    </test> <!-- Test One -->
    <test started-at="2023-12-02T18:25:53 IST" name="Test two" finished-at="2023-12-02T18:26:05 IST" duration-ms="12005">
      <class name="org.testngpractice.Sample">
        <test-method signature="tc1(java.lang.String)[pri:0, instance:org.testngpractice.Sample@69e153c5]" started-at="2023-12-02T18:25:53 IST" name="tc1" finished-at="2023-12-02T18:26:05 IST" duration-ms="11969" status="PASS">
          <params>
            <param index="0">
              <value>
                <![CDATA[edge]]>
              </value>
            </param>
          </params>
          <reporter-output>
          </reporter-output>
        </test-method> <!-- tc1 -->
      </class> <!-- org.testngpractice.Sample -->
    </test> <!-- Test two -->
  </suite> <!-- Suite -->
</testng-results>
